\BOOKMARK [0][-]{chapter.1}{Bases de estudio}{}% 1
\BOOKMARK [1][-]{section.1.1}{La Ciencia}{chapter.1}% 2
\BOOKMARK [1][-]{section.1.2}{El M\351todo Cient\355fico:}{chapter.1}% 3
\BOOKMARK [2][-]{subsection.1.2.1}{Observaci\363n:}{section.1.2}% 4
\BOOKMARK [2][-]{subsection.1.2.2}{Inducci\363n:}{section.1.2}% 5
\BOOKMARK [2][-]{subsection.1.2.3}{Hip\363tesis:}{section.1.2}% 6
\BOOKMARK [2][-]{subsection.1.2.4}{Demostraci\363n o experimentaci\363n:}{section.1.2}% 7
\BOOKMARK [2][-]{subsection.1.2.5}{Demostraci\363n o refutaci\363n de la Hip\363tesis:}{section.1.2}% 8
\BOOKMARK [2][-]{subsection.1.2.6}{Tesis o teor\355a cient\355fica:}{section.1.2}% 9
\BOOKMARK [1][-]{section.1.3}{Notaci\363n cient\355fica:}{chapter.1}% 10
\BOOKMARK [2][-]{subsection.1.3.1}{Problemas propuestos:}{section.1.3}% 11
\BOOKMARK [1][-]{section.1.4}{Magnitudes y Medidas:}{chapter.1}% 12
\BOOKMARK [2][-]{subsection.1.4.1}{Sistema Internacional de Medidas \(S.I.\)}{section.1.4}% 13
\BOOKMARK [2][-]{subsection.1.4.2}{Tipos de magnitudes:}{section.1.4}% 14
\BOOKMARK [1][-]{section.1.5}{M\372ltiplos y subm\372ltiplos:}{chapter.1}% 15
\BOOKMARK [2][-]{subsection.1.5.1}{Problemas de conversi\363n de unidades:}{section.1.5}% 16
\BOOKMARK [0][-]{chapter.2}{Cantidades escalares y vectoriales:}{}% 17
\BOOKMARK [1][-]{section.2.1}{Escalares}{chapter.2}% 18
\BOOKMARK [1][-]{section.2.2}{Vectores}{chapter.2}% 19
\BOOKMARK [2][-]{subsection.2.2.1}{Representaci\363n en coordenadas cartesianas:}{section.2.2}% 20
\BOOKMARK [2][-]{subsection.2.2.2}{Representaci\363n en coordenadas polares:}{section.2.2}% 21
\BOOKMARK [2][-]{subsection.2.2.3}{Representaci\363n en coordenadas geogr\341ficas:}{section.2.2}% 22
\BOOKMARK [2][-]{subsection.2.2.4}{Suma y resta de vectores:}{section.2.2}% 23
\BOOKMARK [2][-]{subsection.2.2.5}{Producto escalar o punto:}{section.2.2}% 24
\BOOKMARK [2][-]{subsection.2.2.6}{Producto vectorial de vectores:}{section.2.2}% 25
\BOOKMARK [2][-]{subsection.2.2.7}{Problemas de vectores:}{section.2.2}% 26
\BOOKMARK [0][-]{chapter.3}{F\355sica}{}% 27
\BOOKMARK [1][-]{section.3.1}{F\355sica: Filosof\355a Natural}{chapter.3}% 28
\BOOKMARK [0][-]{chapter.4}{Cinem\341tica}{}% 29
\BOOKMARK [1][-]{section.4.1}{El movimiento}{chapter.4}% 30
\BOOKMARK [0][-]{chapter.5}{Movimiento Rectil\355neo:}{}% 31
\BOOKMARK [1][-]{section.5.1}{Movimiento Rectil\355neo Uniforme \(MRU\):}{chapter.5}% 32
\BOOKMARK [1][-]{section.5.2}{Movimiento Rectil\355neo Uniformemente Variado:}{chapter.5}% 33
\BOOKMARK [2][-]{subsection.5.2.1}{La aceleraci\363n:}{section.5.2}% 34
\BOOKMARK [1][-]{section.5.3}{Ca\355da libre y lanzamiento vertical de los cuerpos:}{chapter.5}% 35
\BOOKMARK [2][-]{subsection.5.3.1}{Ca\355da libre:}{section.5.3}% 36
\BOOKMARK [2][-]{subsection.5.3.2}{Lanzamiento vertical:}{section.5.3}% 37
\BOOKMARK [0][-]{chapter.6}{Movimiento parab\363lico:}{}% 38
\BOOKMARK [0][-]{chapter.7}{Movimiento circular:}{}% 39
\BOOKMARK [1][-]{subsection.7.0.1}{Velocidad angular:}{chapter.7}% 40
\BOOKMARK [2][-]{subsection.7.0.2}{Velocidad Lineal:}{subsection.7.0.1}% 41
\BOOKMARK [2][-]{subsection.7.0.3}{Aceleraci\363n centr\355peta:}{subsection.7.0.1}% 42
\BOOKMARK [1][-]{section.7.1}{Movimiento Circular Uniforme \(MCU\):}{chapter.7}% 43
\BOOKMARK [1][-]{section.7.2}{Movimiento Circular Uniformemente Variado:}{chapter.7}% 44
\BOOKMARK [2][-]{subsection.7.2.1}{Aceleraci\363n angular:}{section.7.2}% 45
\BOOKMARK [2][-]{subsection.7.2.2}{Aceleraci\363n tangencial:}{section.7.2}% 46
\BOOKMARK [0][-]{chapter.8}{Din\341mica}{}% 47
\BOOKMARK [1][-]{section.8.1}{Las leyes de Newton:}{chapter.8}% 48
\BOOKMARK [2][-]{subsection.8.1.1}{Primera Ley de Newton:}{section.8.1}% 49
\BOOKMARK [2][-]{subsection.8.1.2}{Segunda Ley de Newton:}{section.8.1}% 50
\BOOKMARK [2][-]{subsection.8.1.3}{Tercera Ley de Newton}{section.8.1}% 51
\BOOKMARK [2][-]{subsection.8.1.4}{El Peso:}{section.8.1}% 52
\BOOKMARK [2][-]{subsection.8.1.5}{La fuerza normal \(\):}{section.8.1}% 53
\BOOKMARK [2][-]{subsection.8.1.6}{Fuerzas de tensi\363n \(\):}{section.8.1}% 54
\BOOKMARK [2][-]{subsection.8.1.7}{Fuerza de rozamiento:}{section.8.1}% 55
\BOOKMARK [1][-]{section.8.2}{Diagrama de cuerpo libre:}{chapter.8}% 56
\BOOKMARK [0][-]{chapter.9}{Trabajo y Energ\355a}{}% 57
\BOOKMARK [1][-]{section.9.1}{Energ\355a cin\351tica:}{chapter.9}% 58
\BOOKMARK [1][-]{section.9.2}{Energ\355a potencial gravitatoria:}{chapter.9}% 59
\BOOKMARK [1][-]{section.9.3}{Energ\355a Potencial El\341stica:}{chapter.9}% 60
\BOOKMARK [1][-]{section.9.4}{Trabajo mec\341nico:}{chapter.9}% 61
\BOOKMARK [1][-]{section.9.5}{Potencia:}{chapter.9}% 62
